[debug] [2023-11-23T16:03:03.860Z] ----------------------------------------------------------------------
[debug] [2023-11-23T16:03:03.869Z] Command:       C:\Program Files\nodejs\node.exe C:\Users\PC\AppData\Roaming\npm\node_modules\firebase-tools\lib\bin\firebase.js use --add
[debug] [2023-11-23T16:03:03.872Z] CLI Version:   12.9.1
[debug] [2023-11-23T16:03:03.873Z] Platform:      win32
[debug] [2023-11-23T16:03:03.874Z] Node Version:  v20.9.0
[debug] [2023-11-23T16:03:03.874Z] Time:          Thu Nov 23 2023 19:03:03 GMT+0300 (East Africa Time)
[debug] [2023-11-23T16:03:03.875Z] ----------------------------------------------------------------------
[debug] 
[debug] [2023-11-23T16:03:04.103Z] > command requires scopes: ["email","openid","https://www.googleapis.com/auth/cloudplatformprojects.readonly","https://www.googleapis.com/auth/firebase","https://www.googleapis.com/auth/cloud-platform"]
[debug] [2023-11-23T16:03:04.105Z] > authorizing via signed-in user (moruriopenda031@gmail.com)
[debug] [2023-11-23T16:03:04.112Z] >>> [apiv2][query] GET https://firebase.googleapis.com/v1beta1/projects pageSize=1000
[debug] [2023-11-23T16:03:05.743Z] <<< [apiv2][status] GET https://firebase.googleapis.com/v1beta1/projects 200
[debug] [2023-11-23T16:03:05.744Z] <<< [apiv2][body] GET https://firebase.googleapis.com/v1beta1/projects [omitted]
[debug] [2023-11-23T16:05:42.406Z] ----------------------------------------------------------------------
[debug] [2023-11-23T16:05:42.409Z] Command:       C:\Program Files\nodejs\node.exe C:\Users\PC\AppData\Roaming\npm\node_modules\firebase-tools\lib\bin\firebase.js use --add
[debug] [2023-11-23T16:05:42.410Z] CLI Version:   12.9.1
[debug] [2023-11-23T16:05:42.410Z] Platform:      win32
[debug] [2023-11-23T16:05:42.410Z] Node Version:  v20.9.0
[debug] [2023-11-23T16:05:42.410Z] Time:          Thu Nov 23 2023 19:05:42 GMT+0300 (East Africa Time)
[debug] [2023-11-23T16:05:42.411Z] ----------------------------------------------------------------------
[debug] 
[debug] [2023-11-23T16:05:42.511Z] > command requires scopes: ["email","openid","https://www.googleapis.com/auth/cloudplatformprojects.readonly","https://www.googleapis.com/auth/firebase","https://www.googleapis.com/auth/cloud-platform"]
[debug] [2023-11-23T16:05:42.512Z] > authorizing via signed-in user (moruriopenda031@gmail.com)
[debug] [2023-11-23T16:05:42.515Z] >>> [apiv2][query] GET https://firebase.googleapis.com/v1beta1/projects pageSize=1000
[debug] [2023-11-23T16:05:44.442Z] <<< [apiv2][status] GET https://firebase.googleapis.com/v1beta1/projects 200
[debug] [2023-11-23T16:05:44.443Z] <<< [apiv2][body] GET https://firebase.googleapis.com/v1beta1/projects [omitted]
[debug] [2023-11-23T16:09:53.676Z] ----------------------------------------------------------------------
[debug] [2023-11-23T16:09:53.679Z] Command:       C:\Program Files\nodejs\node.exe C:\Users\PC\AppData\Roaming\npm\node_modules\firebase-tools\lib\bin\firebase.js init
[debug] [2023-11-23T16:09:53.680Z] CLI Version:   12.9.1
[debug] [2023-11-23T16:09:53.680Z] Platform:      win32
[debug] [2023-11-23T16:09:53.680Z] Node Version:  v20.9.0
[debug] [2023-11-23T16:09:53.681Z] Time:          Thu Nov 23 2023 19:09:53 GMT+0300 (East Africa Time)
[debug] [2023-11-23T16:09:53.681Z] ----------------------------------------------------------------------
[debug] 
[debug] [2023-11-23T16:09:53.781Z] > command requires scopes: ["email","openid","https://www.googleapis.com/auth/cloudplatformprojects.readonly","https://www.googleapis.com/auth/firebase","https://www.googleapis.com/auth/cloud-platform"]
[debug] [2023-11-23T16:09:53.782Z] > authorizing via signed-in user (moruriopenda031@gmail.com)
[info] 
     ######## #### ########  ######## ########     ###     ######  ########
     ##        ##  ##     ## ##       ##     ##  ##   ##  ##       ##
     ######    ##  ########  ######   ########  #########  ######  ######
     ##        ##  ##    ##  ##       ##     ## ##     ##       ## ##
     ##       #### ##     ## ######## ########  ##     ##  ######  ########

You're about to initialize a Firebase project in this directory:

  C:\Users\PC\React

Before we get started, keep in mind:

  * You are initializing within an existing Firebase project directory

[info] 
=== Project Setup
[info] 
[info] First, let's associate this project directory with a Firebase project.
[info] You can create multiple project aliases by running firebase use --add, 
[info] but for now we'll just set up a default project.
[info] 
[debug] [2023-11-23T16:10:06.147Z] Using project from CLI flag: website-hosting-385f4
[debug] [2023-11-23T16:10:06.151Z] >>> [apiv2][query] GET https://firebase.googleapis.com/v1beta1/projects/website-hosting-385f4 [none]
[debug] [2023-11-23T16:10:06.782Z] <<< [apiv2][status] GET https://firebase.googleapis.com/v1beta1/projects/website-hosting-385f4 403
[debug] [2023-11-23T16:10:06.782Z] <<< [apiv2][body] GET https://firebase.googleapis.com/v1beta1/projects/website-hosting-385f4 {"error":{"code":403,"message":"The caller does not have permission","status":"PERMISSION_DENIED"}}
[debug] [2023-11-23T16:10:06.782Z] HTTP Error: 403, The caller does not have permission
[debug] [2023-11-23T16:10:07.444Z] FirebaseError: HTTP Error: 403, The caller does not have permission
    at responseToError (C:\Users\PC\AppData\Roaming\npm\node_modules\firebase-tools\lib\responseToError.js:49:12)
    at RetryOperation._fn (C:\Users\PC\AppData\Roaming\npm\node_modules\firebase-tools\lib\apiv2.js:285:77)
    at process.processTicksAndRejections (node:internal/process/task_queues:95:5)
[error] 
[error] Error: Failed to get Firebase project website-hosting-385f4. Please make sure the project exists and your account has permission to access it.
[debug] [2023-11-23T16:24:58.466Z] ----------------------------------------------------------------------
[debug] [2023-11-23T16:24:58.473Z] Command:       C:\Program Files\nodejs\node.exe C:\Users\PC\AppData\Roaming\npm\node_modules\firebase-tools\lib\bin\firebase.js init
[debug] [2023-11-23T16:24:58.473Z] CLI Version:   12.9.1
[debug] [2023-11-23T16:24:58.474Z] Platform:      win32
[debug] [2023-11-23T16:24:58.474Z] Node Version:  v20.9.0
[debug] [2023-11-23T16:24:58.474Z] Time:          Thu Nov 23 2023 19:24:58 GMT+0300 (East Africa Time)
[debug] [2023-11-23T16:24:58.475Z] ----------------------------------------------------------------------
[debug] 
[debug] [2023-11-23T16:24:58.639Z] > command requires scopes: ["email","openid","https://www.googleapis.com/auth/cloudplatformprojects.readonly","https://www.googleapis.com/auth/firebase","https://www.googleapis.com/auth/cloud-platform"]
[debug] [2023-11-23T16:24:58.640Z] > authorizing via signed-in user (moruriopenda031@gmail.com)
[info] 
     ######## #### ########  ######## ########     ###     ######  ########
     ##        ##  ##     ## ##       ##     ##  ##   ##  ##       ##
     ######    ##  ########  ######   ########  #########  ######  ######
     ##        ##  ##    ##  ##       ##     ## ##     ##       ## ##
     ##       #### ##     ## ######## ########  ##     ##  ######  ########

You're about to initialize a Firebase project in this directory:

  C:\Users\PC\React

Before we get started, keep in mind:

  * You are initializing within an existing Firebase project directory

[error] 
[error] Error: Aborted by user.
